\BOOKMARK [0][-]{chapter.1}{Introduction}{}% 1
\BOOKMARK [0][-]{chapter.2}{Equipment}{}% 2
\BOOKMARK [1][-]{section.2.1}{Web Cam}{chapter.2}% 3
\BOOKMARK [2][-]{subsection.2.1.1}{Logitech C920S HD Pro Webcam}{section.2.1}% 4
\BOOKMARK [2][-]{subsection.2.1.2}{Logitech C930E}{section.2.1}% 5
\BOOKMARK [1][-]{section.2.2}{Desktop Tripod}{chapter.2}% 6
\BOOKMARK [2][-]{subsection.2.2.1}{Mama-Win}{section.2.2}% 7
\BOOKMARK [1][-]{section.2.3}{Microphone}{chapter.2}% 8
\BOOKMARK [2][-]{subsection.2.3.1}{Blue Snowball iCE Mic}{section.2.3}% 9
\BOOKMARK [2][-]{subsection.2.3.2}{Samson Lapel Mic}{section.2.3}% 10
\BOOKMARK [2][-]{subsection.2.3.3}{ModMic}{section.2.3}% 11
\BOOKMARK [2][-]{subsection.2.3.4}{Fifine K670}{section.2.3}% 12
\BOOKMARK [2][-]{subsection.2.3.5}{Blue Yeti}{section.2.3}% 13
\BOOKMARK [2][-]{subsection.2.3.6}{Blue Yeti Nano}{section.2.3}% 14
\BOOKMARK [1][-]{section.2.4}{Accessories}{chapter.2}% 15
\BOOKMARK [2][-]{subsection.2.4.1}{USB 2.0 Extension Cable}{section.2.4}% 16
\BOOKMARK [0][-]{chapter.3}{Second Displays}{}% 17
\BOOKMARK [1][-]{section.3.1}{Pen Display}{chapter.3}% 18
\BOOKMARK [2][-]{subsection.3.1.1}{Wacom Pen Display}{section.3.1}% 19
\BOOKMARK [2][-]{subsection.3.1.2}{Apple iPad \(w/Apple Pencil}{section.3.1}% 20
